TN:
SF:o2/SimDiffSetupFileless.py
DA:1,1,L/jqrDHxbfUd/SDMFGHfTA
DA:2,1,xmMLoYBW1BFhJ6Xn+A/vug
DA:3,1,2DV2b59y2344EpxT7qBU+w
DA:9,1,DmI+QvdWnfEvSIDNZlIotQ
DA:24,1,8cCwR2w4RtMckwM467F13A
DA:25,1,noRDcCmwmkJe8KFWKLrxFA
DA:26,1,EuZKvaKuX7NC7uEfi6ci+Q
DA:27,1,2g/S21Xmw0vQdMv0tbcF1w
DA:28,1,qH2eUuuuwPvP88G1BShixQ
DA:30,1,mjVJPNV1Grbtqt25vnQFRw
DA:32,1,rOMIMlbvtyu7gXIIy/UEaQ
DA:36,1,hLt42OM6I5bvPUdYg9Mb1g
DA:37,1,4LgMgWBGno1n5MNJ8WRFsQ
DA:45,1,8S98fDc4j8VMaKF2F3StjA
DA:46,1,bUuyVh3NlrnPCtBtO2tuRQ
DA:48,1,TporZgLx2K29f8lK0eeEFw
DA:49,1,oPJT7GKUlq4jwaSrtjllPA
DA:50,1,vllE0Dj+CPYdj6a7NXF6qg
DA:52,1,4O1BGr2eLEGj+msi0kSxrQ
DA:64,1,hai7i9MKD6uVFxp+CMOK2A
DA:65,1,iBy9VWPWSJkIJxgs0U6E5Q
DA:71,1,Fw+NHQBq+RBWvPR4uQ698w
DA:74,1,f04hjOR4dXGplrWznE/opQ
DA:75,1,vfQA/M0qekwcFTDHOKZKWA
DA:77,1,oD2NYW1bg/Abez6D3jm3BA
DA:78,1,c4ECGlYQTlI3m6AqkYPG6w
DA:81,1,DN+nQdbae4pQmsNrqnj9tg
DA:82,1,PqGSF3nfZZZyNx9vSaiUeg
DA:86,1,PeSbIrPY3Ux8Ksi2pBvpgQ
DA:90,1,qGzfdQMTTDlQ/sa8R5dmTg
DA:91,1,YRFYei1h4bLb5oNvs6m4Hg
DA:96,1,iy9/G2k/qCRZBmiFAwa1Hw
DA:101,1,Rp7Rnp8+X7ojbko4ZQnnqg
DA:106,1,n/cM6Ty/HHhLOyRorsvF7w
DA:112,1,Kifp9+fUlytHiLtgHYXtuw
DA:33,0,m2E6oo3QdqHRCQdGM+f7dg
DA:72,0,HMzCJyiAt4lJpXKXC9z57w
LF:37
LH:35
end_of_record
TN:
SF:o2/__init__.py
DA:1,1,1B2M2Y8AsgTpgAmY7PhCfg
LF:0
LH:0
end_of_record
TN:
SF:o2/evaluator.py
DA:1,1,ydCxunymauVRdfWlNGpIBA
DA:3,1,xmMLoYBW1BFhJ6Xn+A/vug
DA:4,1,OaTlemF3bXMi5MP7Db8vkQ
DA:5,1,6vWAvNsegNqafFN4IKLrhg
DA:6,1,uqQzsyLE2snBclOsmsd0qA
DA:8,1,+93Wzwslpq7/mfr/T1WT5A
DA:9,1,wLE8rLVJh7JnRCPNJXxFBg
DA:10,1,wQADqaLiDUSLnqfQHaPUUw
DA:12,1,riDAAYMApE3RrvtmXXHy0w
DA:15,1,GcjTqB8/BIHf0UYcDyOhew
DA:17,1,65vajrlyy4BzbWBq5zqpwA
DA:18,1,IerbggC2172MSfj/CfGGQA
DA:19,1,94Bri01z4/RsXbez3Zcn6w
DA:20,1,b4l8T0ll0hoU/AAthVtbEg
DA:21,1,E5rB+OHnQdEN41uzaGYFhQ
DA:22,1,7/Fzh79Rxp81nyOv6470uA
DA:24,1,wbex0Ytf94b7jE0u9OATig
DA:25,1,4KXOIu0EzlFAqlH6QJ+whA
DA:26,1,OThKZS33aB62FNoVoH02IA
DA:29,1,hxOSlaADJO3BHMM/6Mpn0A
DA:30,1,KxgaGtJPkScc4OG7mJ59vg
DA:31,1,fY/PW4imbBAl7y6JhIuVmg
DA:53,1,KxgaGtJPkScc4OG7mJ59vg
DA:54,1,w94qbgzlNZ8eVxLB8TYuQA
DA:32,0,KQyB1hdF0/Ual7eoIQT0/Q
DA:37,0,7LMBxLAyAB18djLix1ACGg
DA:43,0,xuGyFRSdfsrNCqMayjbGtw
DA:44,0,vVRHfeYce5JLW9ySLbUM1Q
DA:45,0,DdeD2Kd4Fif7VFlixHjzMQ
DA:47,0,/juwVvNTVSBDwMC+BKMMag
DA:56,0,jvYrsJAZ+xEHmb85RShIKw
LF:31
LH:24
end_of_record
TN:
SF:o2/hill_climber.py
DA:1,0,qzd0hvSVRAwNfIZSt44qaQ
DA:2,0,IVcqzf+sdzMjNaijV9yzZA
DA:4,0,Su0tjREfva8vY47QpWL0ww
DA:5,0,VZ0NdrO9fiycXisCCwwY6g
DA:8,0,thEK3Py4f3mvWmLHJWzpOg
DA:9,0,yJpuLJpU4PBRUr0PULE9Sg
DA:10,0,QXNrhnZjWBEUxPmdZIjIeg
DA:11,0,Y795cJKi7OUA2pA893LufQ
DA:12,0,Y5kugRq1y5dh+4Y5bbVVUw
DA:14,0,c5dxlyPBRX8gaBhwQZwedQ
DA:15,0,s06lBRWn7YTqS3VvhNU5Sw
DA:16,0,CkSJyS9/mWhrGSyuT8YkLw
DA:17,0,hE1d6Ac84BtqyZvgJqz5Bw
DA:20,0,poz/UkcygWkQpFoLieR9ww
DA:21,0,xvWIcpcyNr0gyGcTkdMxXw
DA:22,0,zSNyc7DTfz2gmlW8/3IBAw
DA:23,0,aXNS4gwCc4fT3ojj+xqQNQ
DA:24,0,bILj4pY/pxwJC6+WfN+YlQ
DA:25,0,9dIIXURzmi76JtiNjesdcw
DA:27,0,3hj7QGkEqzp57FZS9BChjw
DA:28,0,faHCGzc8BrY8OLDXxMy9iw
DA:29,0,sCPgycsb4uWzzGUEdVA7YA
DA:30,0,bILj4pY/pxwJC6+WfN+YlQ
DA:31,0,6nWSW1s24+aZ+OkyI4hRGQ
DA:32,0,fEFFLTnL9gnoP/yacJabgA
DA:33,0,dO+T4uPq/8/rGbR6HTNjuA
DA:34,0,ytFMwtocvRWf3uW2+JEieA
DA:35,0,Bc9bJ7MgIr1juoDZE58+nQ
DA:38,0,Hu4LVflDQyO6lpN0C6KcYA
DA:39,0,eunMRsFJ2FLvCi5WefPSHQ
DA:41,0,ZgAB5AC4bTL04FQZuOeG2A
DA:44,0,Bc9bJ7MgIr1juoDZE58+nQ
DA:47,0,xHaGGfarbB1oHVt+V0yH/Q
DA:48,0,LDKgOH+7FBU9jXhPtw3mkw
DA:49,0,77TnG4CyPCBgs+njbGeBPA
DA:50,0,Bc9bJ7MgIr1juoDZE58+nQ
DA:53,0,NrDAqEqcJtvmQgQDEuBvhQ
DA:54,0,LLSSgeqRKAHtHDei/h4CNA
DA:55,0,LKmLETvMHP21ZUfX5VLa8A
DA:56,0,HRmYgrUgQRrlHMAQ7gWdXQ
DA:58,0,Ve7wjS0Kp/ShVlCk7BmxiA
DA:60,0,019HpCimNEUo+YWfc474xg
DA:61,0,tRuCQ5W5uONSKs9qiXN/1Q
DA:62,0,OhTCBhetas+4OQJ7D6Z52g
DA:63,0,hE1d6Ac84BtqyZvgJqz5Bw
LF:45
LH:0
end_of_record
TN:
SF:o2/pareto_front.py
DA:1,0,gRHjawkciFUavd6j4zLvOw
DA:2,0,riDAAYMApE3RrvtmXXHy0w
DA:3,0,VZ0NdrO9fiycXisCCwwY6g
DA:6,0,296NxFrH98w4OqeFfWKIcw
DA:7,0,oDJaUlhF1sp3YjxDM8m94A
DA:8,0,KY/z6g2nKklXN5eDXfLR7w
DA:9,0,IU8FgNsgcVGycyqqjh0btA
DA:12,0,3oShS5L433RZOj83p6L2FQ
DA:13,0,atDRmGojfQjBTAZJt1SZpg
DA:14,0,41RhxPaJQGUfA64QsZquWQ
DA:16,0,QVi76BHPmh2AVY/v/wNQmg
DA:17,0,5+JmQ9tJZnVTrAo/hPMSbQ
DA:18,0,FPnE22eOFLjlhj4Rd76I5Q
DA:23,0,lAvOtODp9WieIKx9qJGTBw
DA:24,0,iqa9kyoUBHnluYL0gWRvNg
DA:25,0,/9FFEprtyz27OpBwUPkN0A
DA:26,0,ky8Ozsd80gSdwM5nLZV9kg
DA:27,0,ekwzKZ27ymyCC29Kn2piWA
DA:28,0,thzFJi/BRBpVnai7r6nPFg
DA:29,0,8JPSYVE893+cCJl5AM5GFg
DA:30,0,zu6R5oz5loN0F+4VqJY21A
DA:31,0,GdZ1hFkkg04auNpqotufPQ
DA:32,0,fpzv8oqA4SfPEyPeHBRDYA
LF:23
LH:0
end_of_record
TN:
SF:o2/simulation_runner.py
DA:1,1,OThKZS33aB62FNoVoH02IA
DA:2,1,xmMLoYBW1BFhJ6Xn+A/vug
DA:3,1,65vajrlyy4BzbWBq5zqpwA
DA:4,1,IerbggC2172MSfj/CfGGQA
DA:5,1,+93Wzwslpq7/mfr/T1WT5A
DA:6,1,qH2eUuuuwPvP88G1BShixQ
DA:7,1,wbex0Ytf94b7jE0u9OATig
DA:9,1,eb6kK35ure18JBIIcQj/mQ
DA:10,1,CJJlHpK0HSbkwzEPbef/Gw
DA:21,1,mjVJPNV1Grbtqt25vnQFRw
DA:23,1,rOMIMlbvtyu7gXIIy/UEaQ
DA:27,1,ssCGCLU8yAKyYm+wKfrKfQ
DA:28,1,KxgaGtJPkScc4OG7mJ59vg
DA:29,1,egB+oShgrMOV3m3xb7ggTg
DA:70,1,KxgaGtJPkScc4OG7mJ59vg
DA:71,1,eIykhTIMy1lLVajeff0U5Q
DA:72,1,0BhVlQ+4hUFinPagYocUZA
DA:73,1,Cr9SFolq6Qf4icnYFpiMUQ
DA:80,1,vqld5m9ZhGmQpVYMJIqjUw
DA:82,1,dOc8q7VBMfe3bHCTNYlRdQ
DA:89,1,HR8Q3luXmLdPOF/vT18VHw
DA:90,1,0pIDjEBOoV5uJVMZ21OgCQ
DA:24,0,1tRV00QOutnDXQ/KHf3pnQ
DA:31,0,FamqqvmyKqEbs0HMwEmZJQ
DA:40,0,FaeDoTI5Sp0Y7BymJTjm1w
DA:42,0,5fdbnOzxqI/TfEx90ccVnw
DA:43,0,vVuFpCotbbc5rDYHcUhnow
DA:45,0,fA1+c6tFlh/UfbT/EdqhZA
DA:46,0,19/5KsDlgoZoeuN6X7XDIQ
DA:47,0,niaU24NmUsAYZPj+0sodcA
DA:48,0,+aZX4UZ6H+jB90cL1r9nQA
DA:51,0,tAEwqILAPNq6hUX7pV/hbQ
DA:62,0,RASNLiLOlaLEYgnh4qhfCQ
DA:66,0,tRdbk4MZICGGb7OwiA+1zg
DA:68,0,hyk64k5bZemulDDCX10IpA
DA:91,0,FaeDoTI5Sp0Y7BymJTjm1w
DA:92,0,jL2hivKidaLxEDQxtsuCCQ
DA:93,0,PqjCiwxUU2D/Oh7AzCffbQ
DA:107,0,Kg0PSJTGx1M5U1vYNaV4pg
LF:39
LH:22
end_of_record
TN:
SF:o2/store.py
DA:1,0,7HpIEQVf5K0efdTzo05mJg
DA:2,0,+IWk1ktAxv+1OULUjTgW3Q
DA:3,0,mfIWWCNuMYXE9tpd+pHOoQ
DA:5,0,Skq4mz93Lu6IYlxxDqIxVA
DA:6,0,VZ0NdrO9fiycXisCCwwY6g
DA:9,0,BYGasmQclpCdxbXFEpvmPQ
DA:10,0,BW1mxIqIandwiQp7+vp2bA
DA:11,0,o6OsoRRrEE+BwBlntshuAQ
DA:12,0,pUmdjmVAG8pdiGfg2lc1NA
DA:14,0,wEQ58z8qrU0mXY+SdhcBow
DA:15,0,JLzspH/zOkExill75lo7Dw
DA:17,0,ptvJfpKU5mSkSwNXG5L+ow
DA:18,0,UOD5J/SWvt6VEloY80SgWw
DA:19,0,+ybFmTirPCKafq5L6a9cZg
DA:21,0,7PPtbcONUhzMTrYmpcGkeQ
DA:23,0,HmADa1g/W1C2Vo9Wm4sNNA
DA:24,0,b1QhuINOmYh1qiutlr2wnQ
DA:25,0,rtK8uWnF+80CvPU/Jn8exg
DA:26,0,XFN+PFLECYjKHvHw+D9AnQ
DA:27,0,PqlLvaIxcfr69WD7JZbO2g
DA:29,0,HmADa1g/W1C2Vo9Wm4sNNA
DA:30,0,OEkWtNIaXAU2wA4dvNPT1A
DA:31,0,rOqtcT5OFv3i/u0yxN1rmQ
DA:33,0,HmADa1g/W1C2Vo9Wm4sNNA
DA:34,0,WSj9askG2TAfHRCnlyr33A
DA:35,0,b26D22/7rlRZHvqdeQO/8A
DA:39,0,DED1yzMP+tCr4jrPb7UieA
DA:40,0,4tpkXa5Fin7VubU+Ozu7ug
DA:41,0,X4MlgnOvEs3IBnQ8dAHA2g
DA:42,0,1/nuKevlYf9tS61ri1nLzg
DA:44,0,M0MrV+EeMK4vWJQqOuDLLA
DA:45,0,EGClHcyZvHVt4Io1p3Csvg
DA:46,0,FHfQtfygJ/W6K5XqyWX0Vg
DA:48,0,igsVtY4X7akoO+NIINGB4w
DA:49,0,Alcw+QGusn4UZ/u3mj7fBA
DA:50,0,lcy/HcoF1loUu+hwBHVw6g
DA:51,0,VLsYa12BY7okEWia8RAl8g
DA:52,0,UISIvHiXhI7mnQeIOD/lng
DA:53,0,ToQIYzoE09WEtdkfkZas+A
DA:54,0,fxyt6sxHw/cb9JNh/CQMVA
DA:55,0,UISIvHiXhI7mnQeIOD/lng
DA:57,0,JI8fIgiAKPMFnHndJ/O2jg
DA:59,0,BiuDGgfiBv7FULx2TPDNMA
DA:60,0,KDXNwH1V8hu8Rl1/b/WLOw
DA:64,0,M389zEz0JeMIcjbRoz1r3g
DA:65,0,PibiHTls2sUx97yC2bAszA
DA:66,0,xosh3c7eVkOXCbYUUOCPVA
DA:67,0,lcy/HcoF1loUu+hwBHVw6g
DA:68,0,d09jXrB7W4zGXbZqyPsEng
LF:49
LH:0
end_of_record
TN:
SF:o2/types/constraints.py
DA:1,1,7HpIEQVf5K0efdTzo05mJg
DA:2,1,gRHjawkciFUavd6j4zLvOw
DA:3,1,xU+vl6y+xjFTXNp+3drxOA
DA:4,1,5Ifa7y6qtGoYpyL0bduDBg
DA:7,1,08WncniqpNgth1px0vst0w
DA:8,1,h1iEd09vMOyF/FXDpY3qiA
DA:9,1,bDjczOmS0ntLIETWEhNZdg
DA:11,1,o1YUhMhnmBdQDG/ioHMUnw
DA:14,1,O61d9dd2J+pk00H1XkkSww
DA:15,1,h9ApPLzg2oZdWx0Y8DHozA
DA:16,1,zMCsGUFs3rIUeR7qwtd0Ag
DA:17,1,gpyWYm6t1PXcCcsCRcwz2g
DA:18,1,ezASxUH6NMRjX/eSQoGVMg
DA:19,1,KoYzECHaTspyPcrVKcpPCg
DA:22,1,/S8d/HVFLOL/gTU2e/TkhA
DA:23,1,z1uF3MRMAx/uwiw2JJrqCQ
DA:24,1,CxWmlsKRFmro4/BSA8SMJA
DA:25,1,/eF0VcE9WNah6MrGWRlNkw
DA:26,1,7grsUatWDzBNWEmFAm35Zw
DA:27,1,TtEA/BrsARl0Nm9Oxm0I+A
DA:30,1,/alsSYz6bV7t/UWegvqQFg
DA:31,1,BdHYjpZlgQ/V3Emr0tGVgw
DA:32,1,y+QwB71XlokKzTiojrE4lg
DA:34,1,ZH93Q5ECVPjO5K5f//xyEQ
DA:35,1,Boqiv9Lu7z6N2GmIC8vHaQ
DA:36,1,uUPyEcxKIveSGB63ErYLpQ
DA:37,1,0b1qooPbUsQxElBJrTmGhw
DA:40,1,/S8d/HVFLOL/gTU2e/TkhA
DA:41,1,UPnTK52YZw46Ny8kjlm5rg
DA:43,1,Qtu1VMA4Zmy63n2rkCwOVQ
DA:45,1,ZH93Q5ECVPjO5K5f//xyEQ
DA:46,1,Boqiv9Lu7z6N2GmIC8vHaQ
DA:48,1,/4lOhi3h21YAGtt130akXA
DA:49,0,R+8InUbBHLa2qQoc7tpflA
LF:34
LH:33
end_of_record
TN:
SF:o2/types/days.py
DA:1,1,gRHjawkciFUavd6j4zLvOw
DA:4,1,Tkrlrr6VsMtqAOM26jMatQ
DA:5,1,NrNlErzpkT3dPpiOQWNDjg
DA:6,1,IpTzd5z2eXY+3X5cuG8rTw
DA:7,1,pfTmWuUOaiZSxR/38RdDmQ
DA:8,1,lCHMCsJROVzynjkDFGHQkg
DA:9,1,kN8KP00EazEn8Ti1A+I/0Q
DA:10,1,7wxY39ByOqSKkrJDWzmwgw
DA:11,1,fvzeLJUY3uRn1EILVB0HXQ
LF:9
LH:9
end_of_record
TN:
SF:o2/types/evaluation.py
DA:1,1,7HpIEQVf5K0efdTzo05mJg
DA:4,1,/S8d/HVFLOL/gTU2e/TkhA
DA:5,1,CnIR0kft1thnEZPTNIVQfQ
DA:6,1,iCX5WyFLQvQgQs9E1+sipg
DA:7,1,GcWJjKe/oR3H5HLNJJkrrQ
DA:8,1,Q+ylQDTTwocPbnCDLPAC/g
DA:10,1,GJPDQGaguJwOJmbL3MX44w
DA:13,1,gUM9Aa7eTglu0cO0NiJL7Q
DA:16,1,X115G4CwmLkek13LoY9EUg
DA:19,1,LsZ+fAoV8jIOXTo0X1AJZA
DA:22,1,aLO4mh4jdTRyoLeCa5v96A
DA:25,1,/NbbjsrcaM7Pn11SM3gHDw
DA:28,1,KxgaGtJPkScc4OG7mJ59vg
DA:29,1,Aad/SSgkJHH97zMnugbHlg
DA:32,1,M1PxRBbO5YFINBVhUbMlsg
DA:37,1,JrhGxFBwFQnUo59bD3S4Zg
DA:11,0,RZgzdq2RkskkGAcML4p/KA
DA:14,0,3WVIniBYvqGvl8lIUZkWQQ
DA:17,0,gHR/dOKnN2ioZ/3DXIClvw
DA:20,0,j0HQacPurdRR7HgrGoDGEQ
DA:23,0,eM8NksPboRRA8skTN8v/WQ
DA:26,0,8bumxNqzqvqyKohlyWEncQ
DA:30,0,2G4hOtUjtDAYrGuU35i6zw
DA:33,0,mNtn/a/FfI1ldQpfPUe06g
DA:38,0,Kifp9+fUlytHiLtgHYXtuw
LF:25
LH:16
end_of_record
TN:
SF:o2/types/state.py
DA:1,1,5r0pRP7rVrvWIVZHZGghQw
DA:2,1,L/jqrDHxbfUd/SDMFGHfTA
DA:3,1,xmMLoYBW1BFhJ6Xn+A/vug
DA:4,1,qH2eUuuuwPvP88G1BShixQ
DA:5,1,mjVJPNV1Grbtqt25vnQFRw
DA:7,1,rOMIMlbvtyu7gXIIy/UEaQ
DA:9,1,pFdNeV/y2aCc3oRGMZKUwQ
DA:10,1,kT0yqsP+hCrdPsVbdPc7Og
DA:11,1,z/nGnSRLu1HyAmz8Fdz/qw
DA:12,1,Skq4mz93Lu6IYlxxDqIxVA
DA:13,1,CCeiN9t6ql67jvzHccO/dw
DA:14,1,cyS8rLvneU6tpQ8SH1GRFA
DA:17,1,/S8d/HVFLOL/gTU2e/TkhA
DA:18,1,6pGrqU82jWlU63p2SOXQew
DA:19,1,qKBtifEiiaitlXtviDyboA
DA:21,1,ngsGWoHO0gZs1Gj2yb2Ztw
DA:23,1,t0qtqMzNwc3/23Q5yY2iFA
DA:26,1,igsVtY4X7akoO+NIINGB4w
DA:30,1,57TOwwa+mVhXAc7fDO6BqA
DA:32,1,D0iY3O1F4o14P4CLoXJ5lQ
DA:35,1,W9NgpruotATrWKScRYnXgA
DA:37,1,fPekDNittdY0L+RLe8WZvQ
DA:39,1,QumGSPxDjIT48Z3dYj2SeQ
DA:8,0,m2E6oo3QdqHRCQdGM+f7dg
DA:24,0,ySLec4XOfQyEIZ4KN+D2Cw
DA:27,0,DTEkKyxvmAAi220s/GTsLg
DA:28,0,4qmAYn0QFYkX/aK1Po0TUA
LF:27
LH:23
end_of_record
TN:
SF:o2/types/timetable.py
DA:1,1,sWWB1Jype0a8UZt8tDsgZQ
DA:2,1,gRHjawkciFUavd6j4zLvOw
DA:3,1,cyS8rLvneU6tpQ8SH1GRFA
DA:4,1,C5r0h3J4zhUWq5JWkGW+1Q
DA:6,1,L/+vXvje2WTg+cZ6ASVfig
DA:7,1,X7hkVq7jdn5cojuNWtIcBA
DA:8,1,mjVJPNV1Grbtqt25vnQFRw
DA:9,1,B33RtKIWGc0PEBq81ilBVw
DA:12,1,rOMIMlbvtyu7gXIIy/UEaQ
DA:14,1,vH0dLNNRMI2kS/GwwYs4nA
DA:15,1,YPqo96wmnYl693JGlrUuqg
DA:18,1,HRZSUcLD/oQD7M1O98dhsw
DA:19,1,BzzZakxYbyb9J/i4sSEaZg
DA:20,1,U8YcYUn+TULjj9iWwWjo6g
DA:21,1,wNkt4xsCFrjAnr4mr0pYEA
DA:22,1,nGc7CuYBfJdNAo3n0GE1GA
DA:23,1,dWIlePQu4JcBUHDTu0SPFw
DA:26,1,/S8d/HVFLOL/gTU2e/TkhA
DA:27,1,2Rm+BIPvFkSigbKGoI30qQ
DA:28,1,wWgXY8TKhiqhbRjJoLZA2g
DA:29,1,3pyqk/wIUg+chtiG1pN7WQ
DA:30,1,jJYqK8zkBkc6rLgL98BhsQ
DA:31,1,LKPXGI8vVcStPDCDaLoBCA
DA:32,1,QOGKfd6Tt7J5BncMPmNyaw
DA:33,1,yrp/aEgllPL9AqB2zC8tfg
DA:36,1,/S8d/HVFLOL/gTU2e/TkhA
DA:37,1,3P7JpWzZT52ZuzvZha6Y8g
DA:38,1,wWgXY8TKhiqhbRjJoLZA2g
DA:39,1,3pyqk/wIUg+chtiG1pN7WQ
DA:40,1,9JMI4HQoYtJe/9uFZTHbnw
DA:43,1,/S8d/HVFLOL/gTU2e/TkhA
DA:44,1,pIoRhpFA/eyR8cAoIJosCQ
DA:45,1,6wiqUSzi/T3y7OuuCOP4tg
DA:48,1,/S8d/HVFLOL/gTU2e/TkhA
DA:49,1,fWKlTyIaecmgXVNuD1QCzg
DA:50,1,uSeAD1EVdC3dRFvuLuvMfA
DA:51,1,VHF+8NWwppx8cAY5sagugA
DA:55,1,/S8d/HVFLOL/gTU2e/TkhA
DA:56,1,TAtSr5dzp0M0+HGZ132U6Q
DA:57,1,4qiqHOFM+MtIDI9qnQHe1Q
DA:58,1,OHkp/1sbbbrO9dr8sEeuVA
DA:59,1,W2asVQps5ztvbH0iNLEnEQ
DA:60,1,FJicpr0q09zqekHUSqTFMw
DA:62,1,ZH93Q5ECVPjO5K5f//xyEQ
DA:63,1,fnfyPf13XS18Ge6AZE5wlw
DA:73,1,/S8d/HVFLOL/gTU2e/TkhA
DA:74,1,jpwfMp3KA78FjM/7hTtXAg
DA:75,1,7CAo9Eoi6qtvjEW8/mYu9A
DA:76,1,xZhRaKpz0LF4AOdenO/mJQ
DA:79,1,/S8d/HVFLOL/gTU2e/TkhA
DA:80,1,LC3Z7m6KssTCD3AhkxB1zA
DA:81,1,Kuo/C5KkfJZAT/XydPPPxA
DA:82,1,pITUTerVyGIFXf48lTe7nw
DA:85,1,/S8d/HVFLOL/gTU2e/TkhA
DA:86,1,lWSWynsiA4m4WrqLwLJ5ww
DA:87,1,PiBlh1nLg4XNBf5zeznPpg
DA:88,1,geuVZtRwC27d1hLXX7G5SQ
DA:89,1,VHF+8NWwppx8cAY5sagugA
DA:92,1,/S8d/HVFLOL/gTU2e/TkhA
DA:93,1,qIPAjCMCo35hngAMa0PwYQ
DA:94,1,IEoU+wbrHl9YHSCTy5vWOg
DA:95,1,bRziwVwkAxeFUcxhTQJZcA
DA:98,1,/S8d/HVFLOL/gTU2e/TkhA
DA:99,1,QbU33ix4ZFCPJueMYyFzVA
DA:100,1,wWgXY8TKhiqhbRjJoLZA2g
DA:101,1,3pyqk/wIUg+chtiG1pN7WQ
DA:102,1,kGGnjTBCRdQDmDYXi1mwHw
DA:105,1,/S8d/HVFLOL/gTU2e/TkhA
DA:106,1,pHOdEg/IRgYDPUCUcLhr1A
DA:107,1,PdeqDqr4bOft68ON3+/7kg
DA:110,1,/S8d/HVFLOL/gTU2e/TkhA
DA:111,1,ti0I8sNlWDDKc6+EoKZgow
DA:112,1,lVFp9Rlz6DxdxhfxtQoDNQ
DA:113,1,xZhRaKpz0LF4AOdenO/mJQ
DA:116,1,/S8d/HVFLOL/gTU2e/TkhA
DA:117,1,j+/j5WcKoKnxJc881HOVng
DA:118,1,mDEZH6Lrkm8aKIyMU5kTXw
DA:119,1,uppwm+wHEfOgWt8Fwm3acA
DA:120,1,VD5/uqF7yTW8sGeFA+vfeg
DA:123,1,/S8d/HVFLOL/gTU2e/TkhA
DA:124,1,I1P97I0LiwF8AqITQPVlIA
DA:125,1,IEoU+wbrHl9YHSCTy5vWOg
DA:126,1,ChHSPh+FL7SNz2tYDuDarw
DA:127,1,kYmz554/eEiixt2N6wTpZA
DA:128,1,Kt8ASFfw+sPjwFGtwKALoQ
DA:129,1,e2oxpbn40n5YAGW0Snwr1g
DA:131,1,KcVXdzt8Gqiz4upoutk2pw
DA:144,1,7qU67H6zoYYsUO5/v9JhFg
DA:149,1,/S8d/HVFLOL/gTU2e/TkhA
DA:150,1,VWDbr3g4M6ebhGTu7XRvpQ
DA:151,1,6hH9sK90/OOEyA1kgXEUow
DA:152,1,VNGzSf2O9lkf67zUOftltQ
DA:153,1,l1mtWwR0qTqRtqirP5K07g
DA:154,1,jui8oUv5ZelTUq3XS+IZ0A
DA:155,1,SDNok10JneZBdxgEu05dig
DA:156,1,SYetFoE7WI4PfVjsEzxELA
DA:157,1,1ERCJwBxH1e70MJoIgVjHg
DA:158,1,dH6R+F9wc30ANoZzSZzDfQ
DA:159,1,gXo3x6klF2K+xOOwcGc5sg
DA:160,1,ikwxLOE+j8f5XBsZHmL3TQ
DA:162,1,ZH93Q5ECVPjO5K5f//xyEQ
DA:163,1,Boqiv9Lu7z6N2GmIC8vHaQ
DA:13,0,tVCmSKUeCuRhta2pY9EmAA
DA:132,0,VsRPFvrJNa6RvebgEDXL7g
DA:136,0,7RfhN6NXQzPz8/iDbws2Pg
DA:137,0,7Y3tdLRIV47AGGTntMC4lg
DA:138,0,5kFa9jj8mIhPgCRbvt2c+Q
DA:139,0,5pQ+7dEeS/RBBYbBqy+xAg
DA:140,0,qpoYfK5gmNk1eT1cspJNnA
DA:141,0,5pQ+7dEeS/RBBYbBqy+xAg
DA:142,0,eJ6zrxnLWn/k18a2vHOhRA
DA:146,0,OxgcoafoL1LLz+so4IcFdQ
LF:112
LH:102
end_of_record
